Symbols 1  
.! 0   scalar transpose   4.2.5 Operating on Vectors
.^ 0   scalar power   4.2.5 Operating on Vectors
! 0   matrix transpose   4.2.5 Operating on Vectors
^ 0   matrix power   4.2.5 Operating on Vectors
+ 0    unary positive   4.2.5 Operating on Vectors
- 0    unary negative   4.2.5 Operating on Vectors
~ 0    unary negation   4.2.5 Operating on Vectors
.* 0  scalar multiplication   4.2.5 Operating on Vectors
./ 0  scalar division)   4.2.5 Operating on Vectors
.\ 0  scalar left divide   4.2.5 Operating on Vectors
* 0  matrix multiplication   4.2.5 Operating on Vectors
/ 0  matrix division)   4.2.5 Operating on Vectors
\ 0  backslash   4.2.5 Operating on Vectors
+ 0   addition    4.2.5 Operating on Vectors
- 0   subtraction   4.2.5 Operating on Vectors
: 0  colon operator   4.2.5 Operating on Vectors
< 0  less than   4.2.5 Operating on Vectors
<= 0  less than or equal to   4.2.5 Operating on Vectors
>= 0  greater than or equal to   4.2.5 Operating on Vectors
> 0  greater than   4.2.5 Operating on Vectors
== 0  equals   4.2.5 Operating on Vectors
~= 0  not equals   4.2.5 Operating on Vectors
= 0  (assignment operator)  
& 0  element-wise AND   4.2.5 Operating on Vectors
| 0  element-wise OR   4.2.5 Operating on Vectors
&& 0  short-circuit AND   4.2.5 Operating on Vectors
|| 0  short-circuit OR   4.2.5 Operating on Vectors
. 0  (dot)   HELP!
... 0  (ellipses)   HELP!
[] 0  (empty vector)   HELP!
% 0  (percent sign)   HELP!
; 0  (semicolon)   HELP!
_ 0  (underscore character)   HELP!
A 1  
A/D 0  (analog-to-digital)  317 
abstraction 0   18–19, 46, 106, 268
acosd() 0    193
activation 0  stack  186–187
actual 0  parameters  109
adjacency 0  matrix   399, 406
algorithms 0    19
all() 0    87, 100
alpha() 0     255, 261
ASCII 0   122, 129
ampersand 0  (&)  53
analog-to-digital 0  (A/D) device  317
AND# 0  
any() 0    87, 100
approximation 0    356
arithmetic 0  operations   213
array 0   60–71
assignment 0  operator (=)   21
au 0  files    317
auread() 0    317, 334
auwrite() 0    334 
auxiliary 0  functions   111 
axis() 0    232, 260
B 1  
bar() 0    239, 260
bar3() 0    242, 261
barh() 0    239, 260
barh3() 0    243, 261
before() 0    215
behavioral 0  abstraction   268
BFS# 0  
Big 0  O algebra   368–371
binary 0  files   168
binary 0  search     369–370 
bits 0     6
black 0  box view, functions   106–107 
bodies 0  of rotation   250–255
boolean 0  value   50, 82, 84, 86–87, 100
Breadth-First 0  Search  407–408
break 0  points  36
break 0  statement  94, 96, 97, 100
bubble 0  sort  373–375, 383
building 0   213, 216
C 1  
case 0  keyword  88, 89, 100
casting 0   122–123
catch 0  keyword  192, 193, 194, 207
CAToString() 0   394
ceil() 0   55, 74
cell 0  arrays  142–146
central 0  difference  357
char() 0   123, 125, 132, 136
character 0  generators  121
character 0  mapping  122
character 0  strings  121–135
class() 0   145, 160
classes 0    24
clc 0  command  26, 33
clear 0  command  33
clf 0  command  232, 260
close 0  all command  232, 260
code 0  blocks  81, 82
coef() 0   347–348 
collection 0  operations  
colon 0  operator (:)  56
color 0  mapped images  294 
color 0  masking  296–301
colormap() 0  function  232, 260
column 0  vector   61
Command 0  History window  26–27 
Command 0  window  25–26, 92, 107,112, 122
comments 0   33
compile-time 0  errors  12
compilers 0   11–12
compound 0  surfaces, assembling   256 computer
computer 0  architectures, history of  3–5
computer 0  languages  2–3, 10–11 
concatenation 0  of arrays   66–67
continue 0  statement  96, 100
contour() 0    255, 261
cross() 0   60, 74
csvread() 0    170, 173, 177, 179
csvwrite() 0   170, 179 
cubic 0  spline interpolation   343–344 
cumsum() 0   353, 354, 361
cumtrapz() 0   354, 361 
Current 0  Directory window  30–31, 34–35, 107, 108
curve 0  fitting  345–351
cycles, 0  graphs   396
cylinder, 0  construction of  248–249
cylinder() 0  function  107–109, 255, 261
D 1  
data 0  abstraction  19, 46, 268
data 0  typing   22–24
deal() 0  function  143–145, 160
delimited 0  text files  169, 172–173
delimiter 0   123, 168
dequeue() 0  function  390, 391 
derivative, 0  of function  356 
diag() 0  function  62, 74
diagonal 0  array  61
diff() 0  function  357, 361 
differentiation 0   356–357
Dijkstra’s 0  algorithm  408–411
directional 0  edges  396
discrete 0  functions, rotating  253–255 
disp() 0   58, 74, 129, 136 
division 0  matrix  271, 273–274
dlmread() 0    170, 172–173, 179
dlmwrite() 0   170, 173, 179
documentation 0  section   107
dot 0  notation (.)  154, 160
dot 0  operator   64
double() 0   123, 136
E 1  
edges, 0  graphs   396
Editor 0  window  32–33, 36
element-wise 0  AND (&)  53, 54
element-wise 0  OR (|)  53, 54 
elements 0  arrays  61, 62–64
ellipses 0  (...)  35, 136, 149
ellipsoid() 0  function  255, 261
else 0  keyword  83, 100
elseif 0  keyword  84, 100 
empty 0  vector ([])  50 
encapsulation 0   106, 111–112
end 0  keyword   193
end 0  statement  83, 84, 89, 92, 100
engineering 0  examples  
enqueue() 0  function  390, 391, 393 
equal 0  to (==)  54, 74
error() 0    193, 207
Excel 0  spreadsheets   170–172
exceptions 0   190–194
execution 0  errors  12
exponential 0  growth (O(2N))  370 
extrapolation 0    344–345
eye() 0   270, 286
F 1  
fact() 0   195
false 0  values  50, 74, 83, 84, 86, 100 
Fast 0  Fourier Transform (FFT)  324–328
fclose() 0   174, 180
fft() 0   327, 334
fgetl() 0    174, 180
fgets() 0    174, 180
fib() 0    199
Fibonacci 0  series  198–199
field 0  operator  152
fieldnames() 0    147, 153, 154
figure() 0   232, 260
Figure 0  window   31–32 
files 0   
fill() 0   239, 260
filtering 0  (operation)  213, 217–218
find() 0   68, 74
fix() 0    55, 74
floor() 0     55, 74
flowcharts 0   83
folding 0  (operation)   213
fopen() 0    174, 180
for 0  loop  90–94, 100 
formal 0  parameters  109 
format 0  control strings  126 
forward 0  difference approximation  356
fprintf() 0  function  92, 129, 130, 136, 176, 180
frame, 0  stack  187
frequency, 0  sound  322–324 
function 0  name section  107 
functional 0  programming  20 
function 0   
G 1  
getfield() 0   155
global 0  keyword  112, 207
Global 0  Scope  112
global 0  variables  112–113, 115
gplot() 0    405
grAdjacency() 0   399
graphs 0   396–404
grid 0  on()  232, 260
gt() 0   373, 376
H 1  
hardwiring 0   6
heap 0   8
help 0  command  108, 115
helper 0  functions   111
heterogeneous 0  collections  142 
high-level 0  I/O functions  169–173
hist() 0  function  239, 260
hold 0  off() function  233, 260
hold 0  on() function  233, 261
homogeneous 0  collections   46
I 1  
ifft() 0   327, 334
image() 0   295, 310
images 0   291–309
Input/Output 0  (I/O)   6, 168–179
inserting 0  data, in collection  215
insertion 0  sort  371–373, 382–383 
integration 0   351–355
interp1() 0  function  341, 344, 361
interp2() 0  function  343, 361
interp3() 0  function  343, 361
interpolation 0    340–345
interpreted 0  code   13
int2str() 0  function  125, 136
inv() 0  function  271, 273, 274, 286
isa() 0  function  146, 161
is_before() 0  function  391–392, 393
iscell() 0  function  146, 161
ischar() 0  function   125, 136, 146, 161
isempty() 0  function  390
isfield() 0  function  155, 161
islogical() 0  function  146, 161
isnumeric() 0  function  146, 161
isPal() 0  function  197
isspace() 0  function  125, 136
isstruct() 0  function  146, 161
it() 0  function  372, 376
iteration 0   90
J 1  
Joint 0  Photographic Experts Group (JPEG)   294, 301
K 1  
kaleidoscope 0   301–303
L 1  
length() 0   48, 58, 61, 74
less 0  than (<)  54, 74
less 0  than or equal to (< = )  54, 74 
lightangle() 0    248, 261
linear 0  arrays  46
linear 0  equations simultaneous 281–283
linear 0  interpolation   340–343
linear 0  matrices  47
linear 0  regression  345–347
linearized 0  array   67–71 line(s)
intersecting 0   282–283
rotating 0   275–276
linker 0   12
linspace() 0   47, 74, 310
load() 0   180
loader 0   12
Local 0  Scope  112
logic 0  errors   12, 23
logical 0  expressions  86–87
logical 0  indexing  50 logical operations
with 0  arrays  64–65
on 0  character strings  125
with 0  vectors  52–54
logical 0  value   50
loglog() 0   237, 261 
loop-and-a-half 0  iteration style 96–97
lower-level 0  I/O functions  174–177 
M 1  
magic() 0   62, 75 
mapping 0   
MATLAB 0   
matrices 0   267–286
matrix 0   267–286
max() 0   66, 75, 92
mean() 0   55, 66, 75
Mercator 0  projection  303
merge 0  sort  377–379, 383
mesh() 0   243, 261
meshc() 0   255, 262
meshgrid() 0   243, 245,255, 262
meshz() 0   255, 262
min() 0   66, 75 
minimum 0  spanning trees  404–406
minus, 0  unary (2)   52 
multiplication 0  array  51
music 0  synthesizer  332–334
musical 0  sounds  321–324
N 1  
NaN 0   344, 361, 392
nargin() 0   110, 115
nargout() 0   110, 115
Newton’s 0  method   202
nodes, 0  graphs   389
numbers# 0  
numerical 0  indexing  49–50
numerical 0  methods  339–360
num2str() 0   125, 136
O 1  
object-oriented 0  programming (OOP)  20
objects 0   24
ones() 0   47, 62, 75, 305 
operating 0  systems (OS)  7–8, 9
operation# 0  
operations 0  on collections  
operators 0  dot   64
OR# 0  
P 1  
palindromes 0    197–198
parabolic 0  dish   245–247
paradigms 0   20 
parameters# 0  
parametric 0  plots 
& 0  passing by value  109 
paths 0  (on graphs)   396
pause() 0   323
peek() 0    390
percent(%) 0    33, 126
pie() 0   239, 261
pie3() 0    243, 262
pixels 0    292
plaid 0  surface  243
playback 0   316–317
plot() 0    232, 235, 239, 261
plot3() 0   239, 262
plots 0   231–259
plotyy() 0   237
polar() 0    239, 261
polyfit() 0   347–348, 361,384, 385
polynomial 0  regression  347–349
polyval() 0   348, 361
Prim’s 0   404–406
priority 0  queues  391–393
problem-solving 0   14–15, 211–226. 
procedural 0  abstraction  19, 106, 268
procedural 0  programming  20
program 0  bugs  12
programming 0   211
programming 0  languages  10–11
Q 1  
queue 0   390–396
quick 0  sort  375–377, 383
R 1  
radix 0  sort  379–380, 383
rand() 0   47, 62, 75
randn() 0    47, 62, 75 
read() 0   173
readcell() 0   173
readStruct() 0   179
recording 0   316–317
recursion 0    185–206
reshape() 0   67, 279, 286 
resolution 0   292
RGB 0   292
rmfield() 0   147, 153, 155
rot90() 0    310
rotations 0   
round() 0    55, 75
runtime 0  errors  12
S 1  
save() 0   180
scalar 0  vectors  51
scale 0  musical  322–323
scripts 0   33–39
searching 0   213, 219–220
semicolon 0   28, 62
semilogx() 0   237, 261
semilogy() 0   237, 261
setfield() 0   155, 161
shading() 0   233, 261
short-circuit 0   
shortening 0  vector   50–51 
shrinking 0  images   295–296
Simpson’s 0  rule  351, 353
simultaneous 0  linear equations   281–283
size() 0   48, 58, 61, 75, 146 slicing
sort() 0   155, 161, 382
sorting 0   213, 220, 367–386
sound() 0    318, 319, 323, 335
sound 0   315–334
sphere 0   249–250
sphere() 0   255, 262
spline() 0   344, 361
spreadsheets 0    170–172
sprintf() 0   126, 129, 130, 136, 348
square 0  array  61
sscanf() 0   127, 129, 136
stack 0   8, 186–187
strcmp() 0   130, 131, 136
strcmpi() 0   131, 136
stretching 0  images  295–296 strings
strings# 0    
structure 0  arrays  150–156
subplot() 0   233–234, 261
sum() 0   55, 66, 75, 155, 346
surf() 0   243, 244, 262, 303 
surface# 0  
surfc() 0   247, 255, 262
surfz() 0   255
switch 0  statement  88–90, 100
T 1  
text 0  files  33
textscan() 0   175, 180
title() 0   233, 261
token 0   123
toString() 0   394
trapezoidal 0  rule  351, 352–353
text 0  files  
text() 0   233, 261
textscan() 0   175, 180
title() 0   233, 261
token 0   123
toString() 0   394
trapezoidal 0  rule  351, 352–353
tril() 0   310
type, 0  data  24
typographical 0  errors  13, 23
U 1  
uint8/16() 0   123, 136,293, 310
unary 0  minus   52
unary 0  not (~)  54, 87, 100
underscore 0  character   22 
utilities, 0  operating systems  9
V 1  
value 0  parameters  126
value(s) 0   24
Variable 0  Editor window  31 
variable 0   112 
vector(s) 0   46–60
vectors 0  of indices  56
view() 0    247, 261
von 0  Neumann architecture  4–5
W 1  
waterfall() 0   255, 262
wav 0  files   317, 318
wavread() 0    317, 335
wavwrite() 0   335
weak 0  typing  24
weighted 0  graph   396, 398
while 0  loop   94–97, 100
who 0  command  30
whos 0  command   30
windows 0   
workspace, 0  saving  168–169
Workspace 0  window   27–30, 48
wrapper 0  function  185, 195–197
writecell()# 0  
X 1  
xlabel() 0   233, 261
xlsread() 0    170, 177, 180
xlswrite() 0   170, 172, 180
Y 1  
ylabel() 0   233, 261
Z 1  
zeros() 0   47, 62
zlabel() 0   233, 261
