a = [2.40,0.00]; b = [2.60,0.00]
ny = [ 64 65 66 ]
a = [2.38,0.02]; b = [2.62,0.02]
ny = [ 64 65 66 67 ]
a = [2.33,0.07]; b = [2.62,0.02]
ny = [ 63 64 65 66 67 ]
a = [2.32,0.08]; b = [2.64,0.04]
ny = [ 63 64 65 66 67 ]
a = [2.31,0.09]; b = [2.66,0.06]
ny = [ 63 64 65 66 67 ]
a = [2.29,0.11]; b = [2.67,0.07]
ny = [ 62 63 64 65 66 67 ]
a = [2.29,0.11]; b = [2.67,0.07]
ny = [ 62 63 64 65 66 67 ]
a = [2.28,0.12]; b = [2.67,0.07]
ny = [ 62 63 64 65 66 67 ]
a = [2.25,0.15]; b = [2.67,0.07]
ny = [ 62 63 64 65 66 67 ]
a = [2.22,0.18]; b = [2.68,0.08]
ny = [ 61 62 63 64 65 66 67 ]
a = [2.14,0.26]; b = [2.70,0.10]
ny = [ 60 61 62 63 64 65 66 67 68 ]
a = [2.10,0.30]; b = [2.71,0.11]
ny = [ 59 60 61 62 63 64 65 66 67 68 ]
a = [2.11,0.29]; b = [2.70,0.10]
ny = [ 60 61 62 63 64 65 66 67 68 ]
a = [2.11,0.29]; b = [2.69,0.09]
ny = [ 60 61 62 63 64 65 66 67 68 ]
a = [2.07,0.33]; b = [2.70,0.10]
ny = [ 59 60 61 62 63 64 65 66 67 68 ]
a = [2.02,0.38]; b = [2.71,0.11]
ny = [ 58 59 60 61 62 63 64 65 66 67 68 ]
a = [2.01,0.39]; b = [2.74,0.14]
ny = [ 58 59 60 61 62 63 64 65 66 67 68 ]
a = [2.01,0.39]; b = [2.75,0.15]
ny = [ 58 59 60 61 62 63 64 65 66 67 68 69 ]
a = [2.01,0.39]; b = [2.75,0.15]
ny = [ 58 59 60 61 62 63 64 65 66 67 68 69 ]
a = [1.99,0.41]; b = [2.76,0.16]
ny = [ 58 59 60 61 62 63 64 65 66 67 68 69 ]
a = [1.90,0.50]; b = [2.74,0.14]
ny = [ 56 57 58 59 60 61 62 63 64 65 66 67 68 ]
a = [1.87,0.53]; b = [2.72,0.12]
ny = [ 56 57 58 59 60 61 62 63 64 65 66 67 68 ]
a = [1.88,0.52]; b = [2.70,0.10]
ny = [ 56 57 58 59 60 61 62 63 64 65 66 67 68 ]
a = [1.91,0.49]; b = [2.70,0.10]
ny = [ 56 57 58 59 60 61 62 63 64 65 66 67 68 ]
a = [1.89,0.51]; b = [2.72,0.12]
ny = [ 56 57 58 59 60 61 62 63 64 65 66 67 68 ]
a = [1.85,0.55]; b = [2.73,0.13]
ny = [ 55 56 57 58 59 60 61 62 63 64 65 66 67 68 ]
a = [1.87,0.53]; b = [2.72,0.12]
ny = [ 56 57 58 59 60 61 62 63 64 65 66 67 68 ]
a = [1.87,0.53]; b = [2.69,0.09]
ny = [ 56 57 58 59 60 61 62 63 64 65 66 67 68 ]
a = [1.90,0.50]; b = [2.70,0.10]
ny = [ 56 57 58 59 60 61 62 63 64 65 66 67 68 ]
a = [1.92,0.48]; b = [2.71,0.11]
ny = [ 56 57 58 59 60 61 62 63 64 65 66 67 68 ]
a = [1.93,0.47]; b = [2.72,0.12]
ny = [ 57 58 59 60 61 62 63 64 65 66 67 68 ]
a = [1.96,0.44]; b = [2.73,0.13]
ny = [ 57 58 59 60 61 62 63 64 65 66 67 68 ]
a = [2.00,0.40]; b = [2.73,0.13]
ny = [ 58 59 60 61 62 63 64 65 66 67 68 ]
a = [2.05,0.35]; b = [2.73,0.13]
ny = [ 58 59 60 61 62 63 64 65 66 67 68 ]
a = [2.05,0.35]; b = [2.75,0.15]
ny = [ 59 60 61 62 63 64 65 66 67 68 69 ]
a = [2.07,0.33]; b = [2.75,0.15]
ny = [ 59 60 61 62 63 64 65 66 67 68 69 ]
a = [2.09,0.31]; b = [2.73,0.13]
ny = [ 59 60 61 62 63 64 65 66 67 68 ]
a = [2.12,0.28]; b = [2.72,0.12]
ny = [ 60 61 62 63 64 65 66 67 68 ]
a = [2.14,0.26]; b = [2.73,0.13]
ny = [ 60 61 62 63 64 65 66 67 68 ]
a = [2.15,0.25]; b = [2.73,0.13]
ny = [ 60 61 62 63 64 65 66 67 68 ]
a = [2.16,0.24]; b = [2.72,0.12]
ny = [ 60 61 62 63 64 65 66 67 68 ]
a = [2.20,0.20]; b = [2.70,0.10]
ny = [ 61 62 63 64 65 66 67 68 ]
a = [2.24,0.16]; b = [2.69,0.09]
ny = [ 62 63 64 65 66 67 68 ]
a = [2.30,0.10]; b = [2.68,0.08]
ny = [ 62 63 64 65 66 67 ]
a = [2.31,0.09]; b = [2.67,0.07]
ny = [ 63 64 65 66 67 ]
a = [2.31,0.09]; b = [2.65,0.05]
ny = [ 63 64 65 66 67 ]
a = [2.31,0.09]; b = [2.64,0.04]
ny = [ 63 64 65 66 67 ]
a = [2.32,0.08]; b = [2.61,0.01]
ny = [ 63 64 65 66 ]
a = [2.37,0.03]; b = [2.60,0.00]
ny = [ 64 65 66 ]
a = [2.37,-0.03]; b = [2.63,-0.03]
ny = [ 64 65 66 67 ]
a = [2.36,-0.04]; b = [2.65,-0.05]
ny = [ 64 65 66 67 ]
a = [2.37,-0.03]; b = [2.67,-0.07]
ny = [ 64 65 66 67 ]
a = [2.32,-0.08]; b = [2.66,-0.06]
ny = [ 63 64 65 66 67 ]
a = [2.25,-0.15]; b = [2.66,-0.06]
ny = [ 62 63 64 65 66 67 ]
a = [2.18,-0.22]; b = [2.68,-0.08]
ny = [ 61 62 63 64 65 66 67 ]
a = [2.16,-0.24]; b = [2.70,-0.10]
ny = [ 60 61 62 63 64 65 66 67 68 ]
a = [2.15,-0.25]; b = [2.72,-0.12]
ny = [ 60 61 62 63 64 65 66 67 68 ]
a = [2.12,-0.28]; b = [2.71,-0.11]
ny = [ 60 61 62 63 64 65 66 67 68 ]
a = [2.13,-0.27]; b = [2.70,-0.10]
ny = [ 60 61 62 63 64 65 66 67 68 ]
a = [2.17,-0.23]; b = [2.68,-0.08]
ny = [ 60 61 62 63 64 65 66 67 68 ]
a = [2.13,-0.27]; b = [2.68,-0.08]
ny = [ 60 61 62 63 64 65 66 67 ]
a = [2.03,-0.37]; b = [2.69,-0.09]
ny = [ 58 59 60 61 62 63 64 65 66 67 68 ]
a = [2.03,-0.37]; b = [2.71,-0.11]
ny = [ 58 59 60 61 62 63 64 65 66 67 68 ]
a = [2.02,-0.38]; b = [2.72,-0.12]
ny = [ 58 59 60 61 62 63 64 65 66 67 68 ]
a = [2.00,-0.40]; b = [2.71,-0.11]
ny = [ 58 59 60 61 62 63 64 65 66 67 68 ]
a = [1.97,-0.43]; b = [2.72,-0.12]
ny = [ 57 58 59 60 61 62 63 64 65 66 67 68 ]
a = [1.95,-0.45]; b = [2.72,-0.12]
ny = [ 57 58 59 60 61 62 63 64 65 66 67 68 ]
a = [1.96,-0.44]; b = [2.74,-0.14]
ny = [ 57 58 59 60 61 62 63 64 65 66 67 68 ]
a = [1.94,-0.46]; b = [2.76,-0.16]
ny = [ 57 58 59 60 61 62 63 64 65 66 67 68 69 ]
a = [1.92,-0.48]; b = [2.76,-0.16]
ny = [ 56 57 58 59 60 61 62 63 64 65 66 67 68 69 ]
a = [1.94,-0.46]; b = [2.77,-0.17]
ny = [ 57 58 59 60 61 62 63 64 65 66 67 68 69 ]
a = [1.98,-0.42]; b = [2.77,-0.17]
ny = [ 57 58 59 60 61 62 63 64 65 66 67 68 69 ]
a = [1.97,-0.43]; b = [2.77,-0.17]
ny = [ 57 58 59 60 61 62 63 64 65 66 67 68 69 ]
a = [1.95,-0.45]; b = [2.74,-0.14]
ny = [ 57 58 59 60 61 62 63 64 65 66 67 68 ]
a = [1.95,-0.45]; b = [2.73,-0.13]
ny = [ 57 58 59 60 61 62 63 64 65 66 67 68 ]
a = [1.95,-0.45]; b = [2.74,-0.14]
ny = [ 57 58 59 60 61 62 63 64 65 66 67 68 ]
a = [1.94,-0.46]; b = [2.77,-0.17]
ny = [ 57 58 59 60 61 62 63 64 65 66 67 68 69 ]
a = [1.93,-0.47]; b = [2.77,-0.17]
ny = [ 57 58 59 60 61 62 63 64 65 66 67 68 69 ]
a = [1.94,-0.46]; b = [2.77,-0.17]
ny = [ 57 58 59 60 61 62 63 64 65 66 67 68 69 ]
a = [1.98,-0.42]; b = [2.77,-0.17]
ny = [ 57 58 59 60 61 62 63 64 65 66 67 68 69 ]
a = [2.04,-0.36]; b = [2.77,-0.17]
ny = [ 58 59 60 61 62 63 64 65 66 67 68 69 ]
a = [2.07,-0.33]; b = [2.76,-0.16]
ny = [ 59 60 61 62 63 64 65 66 67 68 69 ]
a = [2.08,-0.32]; b = [2.74,-0.14]
ny = [ 59 60 61 62 63 64 65 66 67 68 ]
a = [2.04,-0.36]; b = [2.75,-0.15]
ny = [ 58 59 60 61 62 63 64 65 66 67 68 69 ]
a = [2.03,-0.37]; b = [2.76,-0.16]
ny = [ 58 59 60 61 62 63 64 65 66 67 68 69 ]
a = [2.10,-0.30]; b = [2.74,-0.14]
ny = [ 59 60 61 62 63 64 65 66 67 68 ]
a = [2.19,-0.21]; b = [2.71,-0.11]
ny = [ 61 62 63 64 65 66 67 68 ]
a = [2.22,-0.18]; b = [2.70,-0.10]
ny = [ 61 62 63 64 65 66 67 68 ]
a = [2.21,-0.19]; b = [2.71,-0.11]
ny = [ 61 62 63 64 65 66 67 68 ]
a = [2.23,-0.17]; b = [2.71,-0.11]
ny = [ 61 62 63 64 65 66 67 68 ]
a = [2.27,-0.13]; b = [2.70,-0.10]
ny = [ 62 63 64 65 66 67 68 ]
a = [2.30,-0.10]; b = [2.69,-0.09]
ny = [ 62 63 64 65 66 67 68 ]
a = [2.32,-0.08]; b = [2.67,-0.07]
ny = [ 63 64 65 66 67 ]
a = [2.36,-0.04]; b = [2.67,-0.07]
ny = [ 63 64 65 66 67 ]
a = [2.39,-0.01]; b = [2.65,-0.05]
ny = [ 64 65 66 67 ]
a = [2.39,-0.01]; b = [2.64,-0.04]
ny = [ 64 65 66 67 ]
a = [2.38,-0.02]; b = [2.64,-0.04]
ny = [ 64 65 66 67 ]
a = [2.39,-0.01]; b = [2.62,-0.02]
ny = [ 64 65 66 ]
a = [2.37,0.03]; b = [2.61,0.01]
ny = [ 64 65 66 ]
a = [2.34,0.06]; b = [2.62,0.02]
ny = [ 63 64 65 66 67 ]
a = [2.32,0.08]; b = [2.63,0.03]
ny = [ 63 64 65 66 67 ]
a = [2.29,0.11]; b = [2.67,0.07]
ny = [ 62 63 64 65 66 67 ]
a = [2.25,0.15]; b = [2.68,0.08]
ny = [ 62 63 64 65 66 67 68 ]
a = [2.23,0.17]; b = [2.68,0.08]
ny = [ 61 62 63 64 65 66 67 ]
a = [2.22,0.18]; b = [2.67,0.07]
ny = [ 61 62 63 64 65 66 67 ]
a = [2.22,0.18]; b = [2.67,0.07]
ny = [ 61 62 63 64 65 66 67 ]
a = [2.20,0.20]; b = [2.68,0.08]
ny = [ 61 62 63 64 65 66 67 ]
a = [2.19,0.21]; b = [2.68,0.08]
ny = [ 61 62 63 64 65 66 67 ]
a = [2.19,0.21]; b = [2.70,0.10]
ny = [ 61 62 63 64 65 66 67 68 ]
a = [2.19,0.21]; b = [2.73,0.13]
ny = [ 61 62 63 64 65 66 67 68 ]
a = [2.18,0.22]; b = [2.75,0.15]
ny = [ 61 62 63 64 65 66 67 68 69 ]
a = [2.13,0.27]; b = [2.75,0.15]
ny = [ 60 61 62 63 64 65 66 67 68 69 ]
a = [2.07,0.33]; b = [2.75,0.15]
ny = [ 59 60 61 62 63 64 65 66 67 68 69 ]
a = [2.04,0.36]; b = [2.75,0.15]
ny = [ 58 59 60 61 62 63 64 65 66 67 68 69 ]
a = [2.01,0.39]; b = [2.73,0.13]
ny = [ 58 59 60 61 62 63 64 65 66 67 68 ]
a = [1.97,0.43]; b = [2.73,0.13]
ny = [ 57 58 59 60 61 62 63 64 65 66 67 68 ]
a = [1.98,0.42]; b = [2.72,0.12]
ny = [ 57 58 59 60 61 62 63 64 65 66 67 68 ]
a = [2.01,0.39]; b = [2.72,0.12]
ny = [ 58 59 60 61 62 63 64 65 66 67 68 ]
a = [2.04,0.36]; b = [2.73,0.13]
ny = [ 58 59 60 61 62 63 64 65 66 67 68 ]
a = [2.00,0.40]; b = [2.72,0.12]
ny = [ 58 59 60 61 62 63 64 65 66 67 68 ]
a = [1.92,0.48]; b = [2.72,0.12]
ny = [ 56 57 58 59 60 61 62 63 64 65 66 67 68 ]
a = [1.89,0.51]; b = [2.73,0.13]
ny = [ 56 57 58 59 60 61 62 63 64 65 66 67 68 ]
a = [1.85,0.55]; b = [2.75,0.15]
ny = [ 55 56 57 58 59 60 61 62 63 64 65 66 67 68 69 ]
a = [1.85,0.55]; b = [2.74,0.14]
ny = [ 55 56 57 58 59 60 61 62 63 64 65 66 67 68 ]
a = [1.99,0.41]; b = [2.74,0.14]
ny = [ 58 59 60 61 62 63 64 65 66 67 68 ]
a = [2.01,0.39]; b = [2.74,0.14]
ny = [ 58 59 60 61 62 63 64 65 66 67 68 ]
a = [2.00,0.40]; b = [2.75,0.15]
ny = [ 58 59 60 61 62 63 64 65 66 67 68 69 ]
a = [1.94,0.46]; b = [2.75,0.15]
ny = [ 57 58 59 60 61 62 63 64 65 66 67 68 69 ]
a = [1.95,0.45]; b = [2.74,0.14]
ny = [ 57 58 59 60 61 62 63 64 65 66 67 68 ]
a = [1.97,0.43]; b = [2.73,0.13]
ny = [ 57 58 59 60 61 62 63 64 65 66 67 68 ]
a = [2.00,0.40]; b = [2.73,0.13]
ny = [ 58 59 60 61 62 63 64 65 66 67 68 ]
a = [2.05,0.35]; b = [2.73,0.13]
ny = [ 59 60 61 62 63 64 65 66 67 68 ]
a = [2.08,0.32]; b = [2.75,0.15]
ny = [ 59 60 61 62 63 64 65 66 67 68 69 ]
a = [2.08,0.32]; b = [2.76,0.16]
ny = [ 59 60 61 62 63 64 65 66 67 68 69 ]
a = [2.09,0.31]; b = [2.74,0.14]
ny = [ 59 60 61 62 63 64 65 66 67 68 ]
a = [2.11,0.29]; b = [2.72,0.12]
ny = [ 59 60 61 62 63 64 65 66 67 68 ]
a = [2.13,0.27]; b = [2.71,0.11]
ny = [ 60 61 62 63 64 65 66 67 68 ]
a = [2.15,0.25]; b = [2.68,0.08]
ny = [ 60 61 62 63 64 65 66 67 ]
a = [2.15,0.25]; b = [2.66,0.06]
ny = [ 60 61 62 63 64 65 66 67 ]
a = [2.17,0.23]; b = [2.67,0.07]
ny = [ 60 61 62 63 64 65 66 67 ]
a = [2.21,0.19]; b = [2.70,0.10]
ny = [ 61 62 63 64 65 66 67 68 ]
a = [2.30,0.10]; b = [2.69,0.09]
ny = [ 62 63 64 65 66 67 68 ]
a = [2.34,0.06]; b = [2.66,0.06]
ny = [ 63 64 65 66 67 ]
a = [2.34,0.06]; b = [2.63,0.03]
ny = [ 63 64 65 66 67 ]
a = [2.33,0.07]; b = [2.63,0.03]
ny = [ 63 64 65 66 67 ]
a = [2.33,0.07]; b = [2.61,0.01]
ny = [ 63 64 65 66 ]
